<?xml version="1.0" encoding="UTF-8"?>
<!-- Generated by org.testng.reporters.JUnitXMLReporter -->
<testsuite ignored="0" hostname="SPTVMLAP-2124" failures="0" tests="2" name="Default test" time="799.844" errors="0" timestamp="2024-12-10T12:46:56 IST">
  <testcase classname="com.test.Customer.AllScenarios_Cust_CustSearch" name="customerSearch" time="799.194"/>
  <testcase classname="com.test.Customer.AllScenarios_Cust_CustSearch" name="customerSearch" time="0.002"/>
</testsuite> <!-- Default test -->
